2024-01-19T12:47:49+00:00 CRITICAL Maximum execution time of 120 seconds exceeded in C:\xampp\htdocs\wordpress2\wp-includes\class-wp-theme.php on line 1326

2024-01-19T15:42:57+00:00 CRITICAL Uncaught Error: Undefined constant "vadi_faq_register_page_callback" in C:\xampp\htdocs\wordpress2\wp-content\plugins\vadi-faq\vadi-faq.php:120
Stack trace:
#0 C:\xampp\htdocs\wordpress2\wp-includes\class-wp-hook.php(324): vadi_faq_submenu_page('')
#1 C:\xampp\htdocs\wordpress2\wp-includes\class-wp-hook.php(348): WP_Hook->apply_filters(NULL, Array)
#2 C:\xampp\htdocs\wordpress2\wp-includes\plugin.php(517): WP_Hook->do_action(Array)
#3 C:\xampp\htdocs\wordpress2\wp-admin\includes\menu.php(161): do_action('admin_menu', '')
#4 C:\xampp\htdocs\wordpress2\wp-admin\menu.php(417): require_once('C:\\xampp\\htdocs...')
#5 C:\xampp\htdocs\wordpress2\wp-admin\admin.php(158): require('C:\\xampp\\htdocs...')
#6 C:\xampp\htdocs\wordpress2\wp-admin\plugins.php(10): require_once('C:\\xampp\\htdocs...')
#7 {main}
  thrown in C:\xampp\htdocs\wordpress2\wp-content\plugins\vadi-faq\vadi-faq.php on line 120

2024-01-19T15:43:01+00:00 CRITICAL Uncaught Error: Undefined constant "vadi_faq_register_page_callback" in C:\xampp\htdocs\wordpress2\wp-content\plugins\vadi-faq\vadi-faq.php:120
Stack trace:
#0 C:\xampp\htdocs\wordpress2\wp-includes\class-wp-hook.php(324): vadi_faq_submenu_page('')
#1 C:\xampp\htdocs\wordpress2\wp-includes\class-wp-hook.php(348): WP_Hook->apply_filters(NULL, Array)
#2 C:\xampp\htdocs\wordpress2\wp-includes\plugin.php(517): WP_Hook->do_action(Array)
#3 C:\xampp\htdocs\wordpress2\wp-admin\includes\menu.php(161): do_action('admin_menu', '')
#4 C:\xampp\htdocs\wordpress2\wp-admin\menu.php(417): require_once('C:\\xampp\\htdocs...')
#5 C:\xampp\htdocs\wordpress2\wp-admin\admin.php(158): require('C:\\xampp\\htdocs...')
#6 C:\xampp\htdocs\wordpress2\wp-admin\plugin-install.php(16): require_once('C:\\xampp\\htdocs...')
#7 {main}
  thrown in C:\xampp\htdocs\wordpress2\wp-content\plugins\vadi-faq\vadi-faq.php on line 120

2024-01-19T15:43:04+00:00 CRITICAL Uncaught Error: Undefined constant "vadi_faq_register_page_callback" in C:\xampp\htdocs\wordpress2\wp-content\plugins\vadi-faq\vadi-faq.php:120
Stack trace:
#0 C:\xampp\htdocs\wordpress2\wp-includes\class-wp-hook.php(324): vadi_faq_submenu_page('')
#1 C:\xampp\htdocs\wordpress2\wp-includes\class-wp-hook.php(348): WP_Hook->apply_filters(NULL, Array)
#2 C:\xampp\htdocs\wordpress2\wp-includes\plugin.php(517): WP_Hook->do_action(Array)
#3 C:\xampp\htdocs\wordpress2\wp-admin\includes\menu.php(161): do_action('admin_menu', '')
#4 C:\xampp\htdocs\wordpress2\wp-admin\menu.php(417): require_once('C:\\xampp\\htdocs...')
#5 C:\xampp\htdocs\wordpress2\wp-admin\admin.php(158): require('C:\\xampp\\htdocs...')
#6 C:\xampp\htdocs\wordpress2\wp-admin\index.php(10): require_once('C:\\xampp\\htdocs...')
#7 {main}
  thrown in C:\xampp\htdocs\wordpress2\wp-content\plugins\vadi-faq\vadi-faq.php on line 120

2024-01-19T15:43:29+00:00 CRITICAL Uncaught Error: Undefined constant "vadi_faq_register_page_callback" in C:\xampp\htdocs\wordpress2\wp-content\plugins\vadi-faq\vadi-faq.php:120
Stack trace:
#0 C:\xampp\htdocs\wordpress2\wp-includes\class-wp-hook.php(324): vadi_faq_submenu_page('')
#1 C:\xampp\htdocs\wordpress2\wp-includes\class-wp-hook.php(348): WP_Hook->apply_filters(NULL, Array)
#2 C:\xampp\htdocs\wordpress2\wp-includes\plugin.php(517): WP_Hook->do_action(Array)
#3 C:\xampp\htdocs\wordpress2\wp-admin\includes\menu.php(161): do_action('admin_menu', '')
#4 C:\xampp\htdocs\wordpress2\wp-admin\menu.php(417): require_once('C:\\xampp\\htdocs...')
#5 C:\xampp\htdocs\wordpress2\wp-admin\admin.php(158): require('C:\\xampp\\htdocs...')
#6 C:\xampp\htdocs\wordpress2\wp-admin\about.php(10): require_once('C:\\xampp\\htdocs...')
#7 {main}
  thrown in C:\xampp\htdocs\wordpress2\wp-content\plugins\vadi-faq\vadi-faq.php on line 120

